TN:
SF:test/test-app.module.ts
FNF:0
FNH:0
DA:1,3
DA:2,3
DA:3,3
DA:4,3
DA:5,3
DA:6,3
DA:7,3
DA:8,3
DA:9,3
DA:10,3
DA:11,3
DA:12,3
DA:46,3
LF:13
LH:13
BRF:0
BRH:0
end_of_record
TN:
SF:test/test-setup.ts
FN:10,createTestApp
FN:26,cleanTestDatabase
FN:45,resetTestDatabase
FNF:3
FNH:2
FNDA:3,createTestApp
FNDA:16,cleanTestDatabase
FNDA:0,resetTestDatabase
DA:1,3
DA:2,3
DA:3,3
DA:5,3
DA:10,3
DA:11,3
DA:15,3
DA:16,3
DA:17,3
DA:19,3
DA:26,3
DA:29,16
DA:32,16
DA:35,16
DA:36,48
DA:37,48
DA:45,3
DA:46,0
DA:47,0
DA:48,0
LF:20
LH:17
BRF:0
BRH:0
end_of_record
